SF:lib/events.dart
DA:16,2
DA:17,2
DA:18,4
DA:19,2
DA:26,2
DA:27,4
DA:28,16
DA:30,6
DA:32,2
DA:33,2
DA:36,8
DA:38,2
DA:39,6
DA:42,2
DA:43,6
DA:44,4
DA:45,6
DA:46,4
DA:50,1
DA:51,1
DA:52,3
DA:53,1
DA:56,0
DA:61,1
DA:62,1
DA:63,3
DA:64,1
DA:67,0
DA:72,2
DA:73,2
DA:74,6
DA:75,2
DA:78,0
DA:83,1
DA:84,1
DA:85,3
DA:86,1
DA:89,0
DA:94,2
DA:95,2
DA:97,8
DA:98,2
DA:101,0
DA:102,0
DA:106,0
DA:111,1
DA:112,1
DA:113,3
DA:114,1
DA:117,0
DA:122,10
DA:123,5
DA:124,5
DA:125,1
DA:126,1
DA:127,2
DA:128,1
DA:131,0
DA:134,12
DA:135,2
DA:136,1
DA:137,8
DA:140,4
DA:143,2
DA:144,4
DA:157,10
DA:158,4
DA:159,4
DA:161,2
DA:163,5
DA:164,2
DA:166,0
DA:168,4
DA:171,4
DA:172,2
DA:173,4
DA:174,4
DA:176,2
DA:177,0
DA:178,10
DA:179,2
DA:182,28
LF:82
LH:71
end_of_record
SF:lib/main.dart
DA:6,0
DA:13,0
DA:14,0
DA:15,0
DA:16,0
DA:17,0
DA:18,0
DA:22,0
DA:29,1
DA:30,3
DA:37,1
DA:39,1
DA:41,1
DA:42,1
DA:43,2
DA:44,1
DA:45,1
DA:46,1
DA:49,2
DA:50,0
DA:53,3
DA:54,2
DA:65,0
DA:66,0
DA:73,1
DA:74,2
DA:77,1
DA:78,3
DA:79,2
DA:80,0
DA:81,4
DA:85,1
DA:87,4
DA:95,1
DA:97,1
DA:104,4
DA:105,2
DA:107,1
DA:108,1
DA:109,1
DA:110,3
DA:111,3
DA:113,3
DA:114,1
DA:115,4
DA:117,1
DA:119,1
DA:120,5
DA:121,4
DA:125,1
DA:127,2
DA:129,1
DA:131,1
DA:133,2
DA:135,1
LF:55
LH:43
end_of_record
