SF:lib/ui_elements/bottom_sheed.dart
DA:9,1
DA:10,1
DA:17,7
DA:19,1
DA:21,1
DA:22,2
DA:24,1
DA:28,1
DA:30,2
DA:31,1
DA:34,1
DA:35,3
DA:37,0
DA:38,0
DA:40,0
DA:44,0
DA:45,0
DA:48,0
DA:49,0
DA:50,0
DA:53,0
DA:54,0
DA:56,1
DA:57,0
DA:59,1
DA:62,0
DA:65,1
DA:67,1
DA:68,3
DA:72,1
DA:73,1
DA:74,1
DA:75,1
DA:76,1
DA:77,1
LF:35
LH:23
end_of_record
SF:lib/ui_elements/design.dart
DA:8,0
DA:10,0
DA:11,0
DA:13,0
DA:14,0
DA:15,0
DA:16,0
DA:17,0
DA:18,0
DA:19,0
DA:23,0
DA:24,0
DA:25,0
DA:26,0
DA:29,0
DA:30,0
DA:31,0
DA:32,0
DA:35,0
DA:36,0
DA:37,0
DA:38,0
DA:42,0
DA:43,0
DA:44,0
DA:51,0
LF:26
LH:0
end_of_record
